<?xml version="1.0" encoding="UTF-8"?>
<!-- Generated by org.testng.reporters.JUnitXMLReporter -->
<testsuite ignored="0" hostname="LAPTOP-EPL97G2G" failures="0" tests="5" name="Default test" time="0.062" errors="0" timestamp="2022-12-28T22:46:19 IST">
  <testcase classname="testNG01.Test02" name="f" time="0.008"/>
  <testcase classname="testNG01.Test02" name="g" time="0.002"/>
  <testcase classname="testNG01.Test02" name="h" time="0.002"/>
  <testcase classname="testNG01.Test02" name="i" time="0.001"/>
  <testcase classname="testNG01.Test02" name="j" time="0.001"/>
</testsuite> <!-- Default test -->
