<?xml version="1.0" encoding="UTF-8"?>
<testng-results ignored="0" total="2" passed="2" failed="0" skipped="0">
  <reporter-output>
  </reporter-output>
  <suite started-at="2022-12-28T23:44:11 IST" name="Suite" finished-at="2022-12-28T23:44:19 IST" duration-ms="8242">
    <groups>
    </groups>
    <test started-at="2022-12-28T23:44:11 IST" name="Test1" finished-at="2022-12-28T23:44:15 IST" duration-ms="4154">
      <class name="testNG02.A01">
        <test-method signature="Google()[pri:0, instance:testNG02.A01@323b36e0]" started-at="2022-12-28T23:44:11 IST" name="Google" finished-at="2022-12-28T23:44:15 IST" duration-ms="4117" status="PASS">
          <reporter-output>
          </reporter-output>
        </test-method> <!-- Google -->
      </class> <!-- testNG02.A01 -->
    </test> <!-- Test1 -->
    <test started-at="2022-12-28T23:44:15 IST" name="Test2" finished-at="2022-12-28T23:44:19 IST" duration-ms="4063">
      <class name="testNG02.A02">
        <test-method signature="fb()[pri:0, instance:testNG02.A02@4f83df68]" started-at="2022-12-28T23:44:15 IST" name="fb" finished-at="2022-12-28T23:44:19 IST" duration-ms="4061" status="PASS">
          <reporter-output>
          </reporter-output>
        </test-method> <!-- fb -->
      </class> <!-- testNG02.A02 -->
    </test> <!-- Test2 -->
  </suite> <!-- Suite -->
</testng-results>
